<?xml version="1.0" encoding="UTF-8"?>
<testsuite xmlns:xsi="http://www.w3.org/2001/XMLSchema-instance" xsi:noNamespaceSchemaLocation="https://maven.apache.org/surefire/maven-surefire-plugin/xsd/surefire-test-report-3.0.xsd" version="3.0" name="TestSuite" time="12.592" tests="3" errors="0" skipped="0" failures="0">
  <properties>
    <property name="surefire.suiteXmlFiles" value="testng.xml"/>
    <property name="java.specification.version" value="23"/>
    <property name="sun.jnu.encoding" value="UTF-8"/>
    <property name="java.class.path" value="/Users/yashrajshrivastava/technical-onboarding/selenium-java-framework-2/selenium-test/target/test-classes:/Users/yashrajshrivastava/technical-onboarding/selenium-java-framework-2/selenium-test/target/classes:/Users/yashrajshrivastava/.m2/repository/org/seleniumhq/selenium/selenium-java/3.141.59/selenium-java-3.141.59.jar:/Users/yashrajshrivastava/.m2/repository/org/seleniumhq/selenium/selenium-api/3.141.59/selenium-api-3.141.59.jar:/Users/yashrajshrivastava/.m2/repository/org/seleniumhq/selenium/selenium-chrome-driver/3.141.59/selenium-chrome-driver-3.141.59.jar:/Users/yashrajshrivastava/.m2/repository/org/seleniumhq/selenium/selenium-edge-driver/3.141.59/selenium-edge-driver-3.141.59.jar:/Users/yashrajshrivastava/.m2/repository/org/seleniumhq/selenium/selenium-firefox-driver/3.141.59/selenium-firefox-driver-3.141.59.jar:/Users/yashrajshrivastava/.m2/repository/org/seleniumhq/selenium/selenium-ie-driver/3.141.59/selenium-ie-driver-3.141.59.jar:/Users/yashrajshrivastava/.m2/repository/org/seleniumhq/selenium/selenium-opera-driver/3.141.59/selenium-opera-driver-3.141.59.jar:/Users/yashrajshrivastava/.m2/repository/org/seleniumhq/selenium/selenium-remote-driver/3.141.59/selenium-remote-driver-3.141.59.jar:/Users/yashrajshrivastava/.m2/repository/org/seleniumhq/selenium/selenium-safari-driver/3.141.59/selenium-safari-driver-3.141.59.jar:/Users/yashrajshrivastava/.m2/repository/org/seleniumhq/selenium/selenium-support/3.141.59/selenium-support-3.141.59.jar:/Users/yashrajshrivastava/.m2/repository/net/bytebuddy/byte-buddy/1.8.15/byte-buddy-1.8.15.jar:/Users/yashrajshrivastava/.m2/repository/org/apache/commons/commons-exec/1.3/commons-exec-1.3.jar:/Users/yashrajshrivastava/.m2/repository/com/google/guava/guava/25.0-jre/guava-25.0-jre.jar:/Users/yashrajshrivastava/.m2/repository/com/google/code/findbugs/jsr305/1.3.9/jsr305-1.3.9.jar:/Users/yashrajshrivastava/.m2/repository/org/checkerframework/checker-compat-qual/2.0.0/checker-compat-qual-2.0.0.jar:/Users/yashrajshrivastava/.m2/repository/com/google/errorprone/error_prone_annotations/2.1.3/error_prone_annotations-2.1.3.jar:/Users/yashrajshrivastava/.m2/repository/com/google/j2objc/j2objc-annotations/1.1/j2objc-annotations-1.1.jar:/Users/yashrajshrivastava/.m2/repository/org/codehaus/mojo/animal-sniffer-annotations/1.14/animal-sniffer-annotations-1.14.jar:/Users/yashrajshrivastava/.m2/repository/com/squareup/okhttp3/okhttp/3.11.0/okhttp-3.11.0.jar:/Users/yashrajshrivastava/.m2/repository/com/squareup/okio/okio/1.14.0/okio-1.14.0.jar:/Users/yashrajshrivastava/.m2/repository/org/testng/testng/7.4.0/testng-7.4.0.jar:/Users/yashrajshrivastava/.m2/repository/com/beust/jcommander/1.78/jcommander-1.78.jar:/Users/yashrajshrivastava/.m2/repository/org/webjars/jquery/3.5.1/jquery-3.5.1.jar:/Users/yashrajshrivastava/.m2/repository/junit/junit/4.13.2/junit-4.13.2.jar:/Users/yashrajshrivastava/.m2/repository/org/hamcrest/hamcrest-core/1.3/hamcrest-core-1.3.jar:"/>
    <property name="java.vm.vendor" value="Homebrew"/>
    <property name="sun.arch.data.model" value="64"/>
    <property name="java.vendor.url" value="https://github.com/Homebrew/homebrew-core/issues"/>
    <property name="user.timezone" value="Asia/Kolkata"/>
    <property name="os.name" value="Mac OS X"/>
    <property name="java.vm.specification.version" value="23"/>
    <property name="sun.java.launcher" value="SUN_STANDARD"/>
    <property name="user.country" value="IN"/>
    <property name="sun.boot.library.path" value="/opt/homebrew/Cellar/openjdk/23/libexec/openjdk.jdk/Contents/Home/lib"/>
    <property name="sun.java.command" value="/Users/yashrajshrivastava/technical-onboarding/selenium-java-framework-2/selenium-test/target/surefire/surefirebooter-20241016235413382_3.jar /Users/yashrajshrivastava/technical-onboarding/selenium-java-framework-2/selenium-test/target/surefire 2024-10-16T23-54-13_344-jvmRun1 surefire-20241016235413382_1tmp surefire_0-20241016235413382_2tmp"/>
    <property name="jdk.debug" value="release"/>
    <property name="surefire.test.class.path" value="/Users/yashrajshrivastava/technical-onboarding/selenium-java-framework-2/selenium-test/target/test-classes:/Users/yashrajshrivastava/technical-onboarding/selenium-java-framework-2/selenium-test/target/classes:/Users/yashrajshrivastava/.m2/repository/org/seleniumhq/selenium/selenium-java/3.141.59/selenium-java-3.141.59.jar:/Users/yashrajshrivastava/.m2/repository/org/seleniumhq/selenium/selenium-api/3.141.59/selenium-api-3.141.59.jar:/Users/yashrajshrivastava/.m2/repository/org/seleniumhq/selenium/selenium-chrome-driver/3.141.59/selenium-chrome-driver-3.141.59.jar:/Users/yashrajshrivastava/.m2/repository/org/seleniumhq/selenium/selenium-edge-driver/3.141.59/selenium-edge-driver-3.141.59.jar:/Users/yashrajshrivastava/.m2/repository/org/seleniumhq/selenium/selenium-firefox-driver/3.141.59/selenium-firefox-driver-3.141.59.jar:/Users/yashrajshrivastava/.m2/repository/org/seleniumhq/selenium/selenium-ie-driver/3.141.59/selenium-ie-driver-3.141.59.jar:/Users/yashrajshrivastava/.m2/repository/org/seleniumhq/selenium/selenium-opera-driver/3.141.59/selenium-opera-driver-3.141.59.jar:/Users/yashrajshrivastava/.m2/repository/org/seleniumhq/selenium/selenium-remote-driver/3.141.59/selenium-remote-driver-3.141.59.jar:/Users/yashrajshrivastava/.m2/repository/org/seleniumhq/selenium/selenium-safari-driver/3.141.59/selenium-safari-driver-3.141.59.jar:/Users/yashrajshrivastava/.m2/repository/org/seleniumhq/selenium/selenium-support/3.141.59/selenium-support-3.141.59.jar:/Users/yashrajshrivastava/.m2/repository/net/bytebuddy/byte-buddy/1.8.15/byte-buddy-1.8.15.jar:/Users/yashrajshrivastava/.m2/repository/org/apache/commons/commons-exec/1.3/commons-exec-1.3.jar:/Users/yashrajshrivastava/.m2/repository/com/google/guava/guava/25.0-jre/guava-25.0-jre.jar:/Users/yashrajshrivastava/.m2/repository/com/google/code/findbugs/jsr305/1.3.9/jsr305-1.3.9.jar:/Users/yashrajshrivastava/.m2/repository/org/checkerframework/checker-compat-qual/2.0.0/checker-compat-qual-2.0.0.jar:/Users/yashrajshrivastava/.m2/repository/com/google/errorprone/error_prone_annotations/2.1.3/error_prone_annotations-2.1.3.jar:/Users/yashrajshrivastava/.m2/repository/com/google/j2objc/j2objc-annotations/1.1/j2objc-annotations-1.1.jar:/Users/yashrajshrivastava/.m2/repository/org/codehaus/mojo/animal-sniffer-annotations/1.14/animal-sniffer-annotations-1.14.jar:/Users/yashrajshrivastava/.m2/repository/com/squareup/okhttp3/okhttp/3.11.0/okhttp-3.11.0.jar:/Users/yashrajshrivastava/.m2/repository/com/squareup/okio/okio/1.14.0/okio-1.14.0.jar:/Users/yashrajshrivastava/.m2/repository/org/testng/testng/7.4.0/testng-7.4.0.jar:/Users/yashrajshrivastava/.m2/repository/com/beust/jcommander/1.78/jcommander-1.78.jar:/Users/yashrajshrivastava/.m2/repository/org/webjars/jquery/3.5.1/jquery-3.5.1.jar:/Users/yashrajshrivastava/.m2/repository/junit/junit/4.13.2/junit-4.13.2.jar:/Users/yashrajshrivastava/.m2/repository/org/hamcrest/hamcrest-core/1.3/hamcrest-core-1.3.jar:"/>
    <property name="sun.cpu.endian" value="little"/>
    <property name="user.home" value="/Users/yashrajshrivastava"/>
    <property name="user.language" value="en"/>
    <property name="java.specification.vendor" value="Oracle Corporation"/>
    <property name="java.version.date" value="2024-09-17"/>
    <property name="java.home" value="/opt/homebrew/Cellar/openjdk/23/libexec/openjdk.jdk/Contents/Home"/>
    <property name="file.separator" value="/"/>
    <property name="basedir" value="/Users/yashrajshrivastava/technical-onboarding/selenium-java-framework-2/selenium-test"/>
    <property name="java.vm.compressedOopsMode" value="Zero based"/>
    <property name="line.separator" value="&#10;"/>
    <property name="java.vm.specification.vendor" value="Oracle Corporation"/>
    <property name="java.specification.name" value="Java Platform API Specification"/>
    <property name="apple.awt.application.name" value="ForkedBooter"/>
    <property name="surefire.real.class.path" value="/Users/yashrajshrivastava/technical-onboarding/selenium-java-framework-2/selenium-test/target/surefire/surefirebooter-20241016235413382_3.jar"/>
    <property name="sun.management.compiler" value="HotSpot 64-Bit Tiered Compilers"/>
    <property name="java.runtime.version" value="23"/>
    <property name="user.name" value="yashrajshrivastava"/>
    <property name="stdout.encoding" value="UTF-8"/>
    <property name="path.separator" value=":"/>
    <property name="os.version" value="15.0.1"/>
    <property name="java.runtime.name" value="OpenJDK Runtime Environment"/>
    <property name="file.encoding" value="UTF-8"/>
    <property name="java.vm.name" value="OpenJDK 64-Bit Server VM"/>
    <property name="java.vendor.version" value="Homebrew"/>
    <property name="localRepository" value="/Users/yashrajshrivastava/.m2/repository"/>
    <property name="java.vendor.url.bug" value="https://github.com/Homebrew/homebrew-core/issues"/>
    <property name="java.io.tmpdir" value="/var/folders/tf/zr7gy7v139vcqp42ys3n1_380000gn/T/"/>
    <property name="java.version" value="23"/>
    <property name="user.dir" value="/Users/yashrajshrivastava/technical-onboarding/selenium-java-framework-2/selenium-test"/>
    <property name="os.arch" value="aarch64"/>
    <property name="java.vm.specification.name" value="Java Virtual Machine Specification"/>
    <property name="native.encoding" value="UTF-8"/>
    <property name="java.library.path" value="/Users/yashrajshrivastava/Library/Java/Extensions:/Library/Java/Extensions:/Network/Library/Java/Extensions:/System/Library/Java/Extensions:/usr/lib/java:."/>
    <property name="java.vm.info" value="mixed mode, sharing"/>
    <property name="stderr.encoding" value="UTF-8"/>
    <property name="java.vendor" value="Homebrew"/>
    <property name="java.vm.version" value="23"/>
    <property name="sun.io.unicode.encoding" value="UnicodeBig"/>
    <property name="java.class.version" value="67.0"/>
  </properties>
  <testcase name="testBrowserStackTitle" classname="LocalMultiBrowserTest" time="0.498">
    <system-out><![CDATA[==========Received Browser Parameter: safari
==========Received Browser Parameter: chrome
==========Running on Grid: true
==========Running on Grid: true
==========Received Browser Parameter: firefox
==========Running on Grid: true
]]></system-out>
    <system-err><![CDATA[Oct 16, 2024 11:54:14 PM org.openqa.selenium.remote.ProtocolHandshake createSession
INFO: Detected dialect: W3C
Oct 16, 2024 11:54:15 PM org.openqa.selenium.remote.ProtocolHandshake createSession
INFO: Detected dialect: W3C
]]></system-err>
  </testcase>
  <testcase name="testBrowserStackTitle" classname="LocalMultiBrowserTest" time="0.863">
    <system-err><![CDATA[Oct 16, 2024 11:54:16 PM org.openqa.selenium.remote.ProtocolHandshake createSession
INFO: Detected dialect: W3C
]]></system-err>
  </testcase>
  <testcase name="testBrowserStackTitle" classname="LocalMultiBrowserTest" time="1.135"/>
</testsuite>