<?xml version="1.0" encoding="UTF-8"?>
<!-- Generated by org.testng.reporters.JUnitReportReporter -->
<testsuite hostname="YashrajShrivastava-D24JG34XPX" failures="0" tests="3" name="RemoteDriverTest" time="21.190" errors="0" timestamp="2024-10-16T23:51:35 IST" skipped="0">
  <testcase classname="RemoteDriverTest" name="testBrowserStackTitle" time="3.560"/>
  <system-out/>
  <testcase classname="RemoteDriverTest" name="testBrowserStackTitle" time="13.115"/>
  <system-out/>
  <testcase classname="RemoteDriverTest" name="testBrowserStackTitle" time="4.515"/>
  <system-out/>
</testsuite> <!-- RemoteDriverTest -->
