<?xml version="1.0" encoding="UTF-8"?>
<!-- Generated by org.testng.reporters.JUnitReportReporter -->
<testsuite hostname="YashrajShrivastava-D24JG34XPX" failures="0" tests="3" name="LocalMultiBrowserTest" time="19.740" errors="0" timestamp="2024-10-16T23:54:26 IST" skipped="0">
  <testcase classname="LocalMultiBrowserTest" name="testBrowserStackTitle" time="12.387"/>
  <system-out/>
  <testcase classname="LocalMultiBrowserTest" name="testBrowserStackTitle" time="3.351"/>
  <system-out/>
  <testcase classname="LocalMultiBrowserTest" name="testBrowserStackTitle" time="4.002"/>
  <system-out/>
</testsuite> <!-- LocalMultiBrowserTest -->
