<?xml version="1.0" encoding="UTF-8"?>
<!-- Generated by org.testng.reporters.JUnitReportReporter -->
<testsuite hostname="YashrajShrivastava-D24JG34XPX" failures="0" tests="1" name="com.example.BrowserStackTest" time="2.156" errors="0" timestamp="2024-10-16T00:33:04 IST" skipped="0">
  <testcase classname="com.example.BrowserStackTest" name="testBrowserStackTitle" time="2.156"/>
  <system-out/>
</testsuite> <!-- com.example.BrowserStackTest -->
