<?xml version="1.0" encoding="UTF-8"?>
<!-- Generated by org.testng.reporters.JUnitReportReporter -->
<testsuite hostname="YashrajShrivastava-D24JG34XPX" failures="0" tests="1" name="BasicTest" time="2.623" errors="0" timestamp="2024-10-16T00:33:04 IST" skipped="0">
  <testcase classname="BasicTest" name="testBrowserStackTitle" time="2.623"/>
  <system-out/>
</testsuite> <!-- BasicTest -->
