<?xml version="1.0" encoding="UTF-8"?>
<!-- Generated by org.testng.reporters.JUnitReportReporter -->
<testsuite hostname="YashrajShrivastava-D24JG34XPX" failures="0" tests="1" name="LocalMultiBrowserTest" time="2.593" errors="0" timestamp="2024-10-16T01:13:15 IST" skipped="0">
  <testcase classname="LocalMultiBrowserTest" name="testBrowserStackTitle" time="2.593"/>
  <system-out/>
</testsuite> <!-- LocalMultiBrowserTest -->
