<?xml version="1.0" encoding="UTF-8"?>
<!-- Generated by org.testng.reporters.JUnitReportReporter -->
<testsuite hostname="YashrajShrivastava-D24JG34XPX" failures="0" tests="1" name="LocalMultiBrowserTest" time="1.876" errors="0" timestamp="2024-10-16T00:33:04 IST" skipped="0">
  <testcase classname="LocalMultiBrowserTest" name="testBrowserStackTitle" time="1.876"/>
  <system-out/>
</testsuite> <!-- LocalMultiBrowserTest -->
