<?xml version="1.0" encoding="UTF-8"?>
<!-- Generated by org.testng.reporters.JUnitReportReporter -->
<testsuite hostname="YashrajShrivastava-D24JG34XPX" failures="0" tests="1" name="com.example.AppTest" time="0.004" errors="0" timestamp="2024-10-16T01:13:15 IST" skipped="0">
  <testcase classname="com.example.AppTest" name="testApp" time="0.004"/>
  <system-out/>
</testsuite> <!-- com.example.AppTest -->
